<?xml version="1.0" encoding="UTF-8"?>
<!-- Generated by org.testng.reporters.JUnitReportReporter -->
<testsuite skipped="0" hostname="DESKTOP-VJFBT8R" name="qaclickacademy.RESTAPITest" tests="2" failures="0" timestamp="2019-12-09T18:09:00 PST" time="0.000" errors="0">
  <testcase name="postjira" time="0.000" classname="qaclickacademy.RESTAPITest"/>
  <testcase name="deletetwitter" time="0.000" classname="qaclickacademy.RESTAPITest"/>
</testsuite> <!-- qaclickacademy.RESTAPITest -->
