<?xml version="1.0" encoding="UTF-8"?>
<!-- Generated by org.testng.reporters.JUnitReportReporter -->
<testsuite skipped="0" hostname="DESKTOP-VJFBT8R" name="qaclickacademy.SeleniumTest" tests="2" failures="0" timestamp="2019-12-09T18:09:00 PST" time="0.000" errors="0">
  <testcase name="elementsui" time="0.000" classname="qaclickacademy.SeleniumTest"/>
  <testcase name="BrowswerAutomation" time="0.000" classname="qaclickacademy.SeleniumTest"/>
</testsuite> <!-- qaclickacademy.SeleniumTest -->
